2024-03-02 20:43:43,181 - Moved file: coo_2176_131_3_5744317.pdf to C:\Users\User\Desktop\Tresh\Documents
2024-03-02 20:43:43,182 - Moved file: cv_omelchenko_anton.pdf to C:\Users\User\Desktop\Tresh\Documents
2024-03-02 20:43:43,183 - Moved file: excel_charts_tutorial_file.xlsx to C:\Users\User\Desktop\Tresh\Documents
2024-03-02 20:43:43,184 - Moved file: excel_project_dataset.xlsx to C:\Users\User\Desktop\Tresh\Documents
2024-03-02 20:43:43,185 - Moved file: g71228980-1819773000862057210-13-02-2024_freeze.pdf to C:\Users\User\Desktop\Tresh\Documents
2024-03-02 20:43:43,191 - Extracted archive: HW_12-master to C:\Users\User\Desktop\Tresh\Archives\HW_12-master
2024-03-02 20:43:43,192 - Moved unknown file: Postman-win64-Setup.exe to C:\Users\User\Desktop\Tresh\Unknown
2024-03-02 20:43:43,193 - Moved unknown file: TAK_Anton_Omelchenko_-_07.02.2024_12_09_06_-_07.02.2024_12_09_37.asice to C:\Users\User\Desktop\Tresh\Unknown
2024-03-02 20:43:43,194 - Moved file: viber_image_2024-02-05_16-32-41-402.jpg to C:\Users\User\Desktop\Tresh\Images
2024-03-02 20:43:43,194 - Moved file: viber_image_2024-02-05_18-07-01-166.jpg to C:\Users\User\Desktop\Tresh\Images
2024-03-02 20:43:43,196 - Moved unknown file: wargaming_game_center_install_eu_cz0lsda60bxq.exe to C:\Users\User\Desktop\Tresh\Unknown
2024-03-02 20:43:43,197 - Moved file: \u0434\u0438\u0437\u0430\u0439\u043d_\u0431\u0435\u0437_\u043d\u0430\u0437\u0432\u0430\u043d\u0438\u044f__1_.jpg to C:\Users\User\Desktop\Tresh\Images
2024-03-02 20:43:43,198 - Moved file: \u0434\u0438\u0437\u0430\u0439\u043d_\u0431\u0435\u0437_\u043d\u0430\u0437\u0432\u0430\u043d\u0438\u044f.jpg to C:\Users\User\Desktop\Tresh\Images
2024-03-02 20:43:43,198 - Moved file: coo_2176_131_3_5744317.pdf to C:\Users\User\Desktop\Tresh\Documents
2024-03-02 20:43:43,199 - Moved file: cv_omelchenko_anton.pdf to C:\Users\User\Desktop\Tresh\Documents
2024-03-02 20:43:43,199 - Moved file: excel_charts_tutorial_file.xlsx to C:\Users\User\Desktop\Tresh\Documents
2024-03-02 20:43:43,199 - Moved file: excel_project_dataset.xlsx to C:\Users\User\Desktop\Tresh\Documents
2024-03-02 20:43:43,200 - Moved file: g71228980-1819773000862057210-13-02-2024_freeze.pdf to C:\Users\User\Desktop\Tresh\Documents
2024-03-02 20:43:43,200 - Moved file: viber_image_2024-02-05_16-32-41-402.jpg to C:\Users\User\Desktop\Tresh\Images
2024-03-02 20:43:43,201 - Moved file: viber_image_2024-02-05_18-07-01-166.jpg to C:\Users\User\Desktop\Tresh\Images
2024-03-02 20:43:43,201 - Moved file: \u0434\u0438\u0437\u0430\u0439\u043d_\u0431\u0435\u0437_\u043d\u0430\u0437\u0432\u0430\u043d\u0438\u044f.jpg to C:\Users\User\Desktop\Tresh\Images
2024-03-02 20:43:43,202 - Moved file: \u0434\u0438\u0437\u0430\u0439\u043d_\u0431\u0435\u0437_\u043d\u0430\u0437\u0432\u0430\u043d\u0438\u044f__1_.jpg to C:\Users\User\Desktop\Tresh\Images
2024-03-02 20:43:43,202 - Moved file: a_gentle_introduction_to_pandas_data_analysis__on_kaggle_.mp4 to C:\Users\User\Desktop\Tresh\Videos
2024-03-02 20:43:43,203 - Moved file: dynamic_programming_1d_-_full_course_-_python.mp4 to C:\Users\User\Desktop\Tresh\Videos
2024-03-02 20:43:43,205 - Moved file: python_selenium_tutorial_-_automate_websites_and_create_bots.mp4 to C:\Users\User\Desktop\Tresh\Videos
2024-03-02 20:43:43,205 - 
2024-03-02 20:43:43,205 - Sorted Archives: 0
2024-03-02 20:43:43,205 - Sorted Audio files: 0
2024-03-02 20:43:43,206 - Sorted Documents: 5
2024-03-02 20:43:43,206 - Sorted Images: 4
2024-03-02 20:43:43,206 - Sorted Programs files: 0
2024-03-02 20:43:43,206 - Sorted Text files: 0
2024-03-02 20:43:43,206 - Sorted Unknown files: 3
2024-03-02 20:43:43,206 - Sorted Video files: 3
2024-03-02 20:43:43,206 - Deleted directories: 0
